<?xml version="1.0" encoding="UTF-8"?>
<testng-results ignored="0" total="1" passed="1" failed="0" skipped="0">
  <reporter-output>
  </reporter-output>
  <suite started-at="2026-05-20T12:28:40 IST" name="Default suite" finished-at="2026-05-20T12:29:02 IST" duration-ms="22178">
    <groups>
    </groups>
    <test started-at="2026-05-20T12:28:40 IST" name="Default test" finished-at="2026-05-20T12:29:02 IST" duration-ms="22178">
      <class name="mes_testcases.PlantInformation_MESTestcases">
        <test-method is-config="true" signature="BeforeSuit()[pri:0, instance:mes_testcases.PlantInformation_MESTestcases@6ed3ccb2]" started-at="2026-05-20T12:28:35 IST" name="BeforeSuit" finished-at="2026-05-20T12:28:40 IST" duration-ms="5182" status="PASS">
          <reporter-output>
          </reporter-output>
        </test-method> <!-- BeforeSuit -->
        <test-method signature="Attest()[pri:0, instance:mes_testcases.PlantInformation_MESTestcases@6ed3ccb2]" started-at="2026-05-20T12:28:40 IST" name="Attest" finished-at="2026-05-20T12:29:01 IST" duration-ms="20891" status="PASS">
          <reporter-output>
          </reporter-output>
        </test-method> <!-- Attest -->
        <test-method is-config="true" signature="Aftersuit(org.testng.ITestResult)[pri:0, instance:mes_testcases.PlantInformation_MESTestcases@6ed3ccb2]" started-at="2026-05-20T12:29:01 IST" name="Aftersuit" finished-at="2026-05-20T12:29:02 IST" duration-ms="1135" status="PASS">
          <params>
            <param index="0">
              <value>
                <![CDATA[[TestResult name=Attest status=SUCCESS method=PlantInformation_MESTestcases.Attest()[pri:0, instance:mes_testcases.PlantInformation_MESTestcases@6ed3ccb2] output={null}]]]>
              </value>
            </param>
          </params>
          <reporter-output>
          </reporter-output>
        </test-method> <!-- Aftersuit -->
      </class> <!-- mes_testcases.PlantInformation_MESTestcases -->
    </test> <!-- Default test -->
  </suite> <!-- Default suite -->
</testng-results>
