<?xml version="1.0" encoding="UTF-8"?>
<!-- Generated by org.testng.reporters.JUnitReportReporter -->
<testsuite hostname="CPLBNGLPT103" failures="0" tests="2" name="mes_testcases.PlantInformation_MESTestcases" time="80.259" errors="0" timestamp="2026-06-26T13:37:43 IST" skipped="0">
  <testcase classname="mes_testcases.PlantInformation_MESTestcases" name="AttestPlantDetails" time="28.666"/>
  <testcase classname="mes_testcases.PlantInformation_MESTestcases" name="AttestBlockDetails" time="51.593"/>
</testsuite> <!-- mes_testcases.PlantInformation_MESTestcases -->
